<?xml version="1.0" encoding="utf-8"?><testsuites name="pytest tests"><testsuite name="pytest" errors="0" failures="0" skipped="0" tests="14" time="1.922" timestamp="2026-03-31T11:07:10.586629+00:00" hostname="agent-env-c8966ddc-b1a8-438e-af87-c43c679a94ed"><testcase classname="backend.tests.test_mps_auth.TestHealth" name="test_root" time="0.004" /><testcase classname="backend.tests.test_mps_auth.TestOnboarding" name="test_status" time="0.187" /><testcase classname="backend.tests.test_mps_auth.TestOnboarding" name="test_setup_blocked_when_done" time="0.051" /><testcase classname="backend.tests.test_mps_auth.TestAuth" name="test_login_valid" time="0.277" /><testcase classname="backend.tests.test_mps_auth.TestAuth" name="test_login_invalid" time="0.365" /><testcase classname="backend.tests.test_mps_auth.TestAuth" name="test_token_refresh" time="0.320" /><testcase classname="backend.tests.test_mps_auth.TestAuth" name="test_verify" time="0.048" /><testcase classname="backend.tests.test_mps_auth.TestApps" name="test_list_apps" time="0.049" /><testcase classname="backend.tests.test_mps_auth.TestUsers" name="test_list_users" time="0.049" /><testcase classname="backend.tests.test_mps_auth.TestUsers" name="test_create_user" time="0.277" /><testcase classname="backend.tests.test_mps_auth.TestStudents" name="test_list_students" time="0.050" /><testcase classname="backend.tests.test_mps_auth.TestStudents" name="test_create_student" time="0.052" /><testcase classname="backend.tests.test_mps_auth.TestAudit" name="test_audit_log" time="0.060" /><testcase classname="backend.tests.test_mps_auth.TestLogout" name="test_logout" time="0.053" /></testsuite></testsuites>